BlankPhoneWearApp/BlankPhoneWearApp/Wearable/build/outputs/logs/manifest-merger-debug-report.txt
-- Merging decision tree log ---
manifest
ADDED from src\main\AndroidManifest.xml:2:1-53:12
	package
		ADDED from src\main\AndroidManifest.xml:3:5-44
	android:versionName
		INJECTED from src\main\AndroidManifest.xml
		INJECTED from src\main\AndroidManifest.xml
	xmlns:android
		ADDED from src\main\AndroidManifest.xml:2:11-69
	android:versionCode
		INJECTED from src\main\AndroidManifest.xml
		INJECTED from src\main\AndroidManifest.xml
uses-feature#android.hardware.type.watch
ADDED from src\main\AndroidManifest.xml:5:5-64
	android:name
		ADDED from src\main\AndroidManifest.xml:5:19-61
application
ADDED from src\main\AndroidManifest.xml:7:5-52:19
MERGED from [BlankPhoneWearApp:commons:unspecified] AndroidManifest.xml:11:5-20
MERGED from [com.google.android.gms:play-services-wearable:8.4.0] AndroidManifest.xml:19:5-20
MERGED from [com.google.android.gms:play-services-basement:8.4.0] AndroidManifest.xml:20:5-24:19
MERGED from [com.android.support:support-v4:23.0.0] AndroidManifest.xml:22:5-20
	android:label
		ADDED from src\main\AndroidManifest.xml:10:9-41
	android:allowBackup
		ADDED from src\main\AndroidManifest.xml:8:9-35
	android:icon
		ADDED from src\main\AndroidManifest.xml:9:9-43
	android:theme
		ADDED from src\main\AndroidManifest.xml:11:9-59
meta-data#com.google.android.wearable.standalone
ADDED from src\main\AndroidManifest.xml:13:9-15:37
	android:value
		ADDED from src\main\AndroidManifest.xml:15:13-34
	android:name
		ADDED from src\main\AndroidManifest.xml:14:13-66
meta-data#com.google.android.gms.version
ADDED from src\main\AndroidManifest.xml:17:9-19:65
MERGED from [com.google.android.gms:play-services-basement:8.4.0] AndroidManifest.xml:21:9-23:69
	android:value
		ADDED from src\main\AndroidManifest.xml:19:9-62
	android:name
		ADDED from src\main\AndroidManifest.xml:18:9-54
service#ch.epfl.esl.blankphonewearapp.DataLayerListenerService
ADDED from src\main\AndroidManifest.xml:21:9-38:19
	android:name
		ADDED from src\main\AndroidManifest.xml:21:18-58
intent-filter#com.google.android.gms.wearable.DATA_CHANGED
ADDED from src\main\AndroidManifest.xml:22:13-30:29
action#com.google.android.gms.wearable.DATA_CHANGED
ADDED from src\main\AndroidManifest.xml:23:17-87
	android:name
		ADDED from src\main\AndroidManifest.xml:23:25-84
data
ADDED from src\main\AndroidManifest.xml:26:17-29:45
	android:host
		ADDED from src\main\AndroidManifest.xml:27:21-37
	android:scheme
		ADDED from src\main\AndroidManifest.xml:29:21-42
	android:pathPrefix
		ADDED from src\main\AndroidManifest.xml:28:21-42
intent-filter#com.google.android.gms.wearable.MESSAGE_RECEIVED
ADDED from src\main\AndroidManifest.xml:31:13-37:29
action#com.google.android.gms.wearable.MESSAGE_RECEIVED
ADDED from src\main\AndroidManifest.xml:32:17-91
	android:name
		ADDED from src\main\AndroidManifest.xml:32:25-88
activity#ch.epfl.esl.blankphonewearapp.MainActivity
ADDED from src\main\AndroidManifest.xml:40:9-51:20
	android:label
		ADDED from src\main\AndroidManifest.xml:42:13-45
	android:name
		ADDED from src\main\AndroidManifest.xml:41:13-41
intent-filter#android.intent.action.MAIN+android.intent.category.LAUNCHER
ADDED from src\main\AndroidManifest.xml:43:13-46:29
action#android.intent.action.MAIN
ADDED from src\main\AndroidManifest.xml:44:17-69
	android:name
		ADDED from src\main\AndroidManifest.xml:44:25-66
category#android.intent.category.LAUNCHER
ADDED from src\main\AndroidManifest.xml:45:17-77
	android:name
		ADDED from src\main\AndroidManifest.xml:45:27-74
intent-filter#android.intent.category.DEFAULT+com.example.android.wearable.datalayer.EXAMPLE
ADDED from src\main\AndroidManifest.xml:47:13-50:29
action#com.example.android.wearable.datalayer.EXAMPLE
ADDED from src\main\AndroidManifest.xml:48:17-89
	android:name
		ADDED from src\main\AndroidManifest.xml:48:25-86
category#android.intent.category.DEFAULT
ADDED from src\main\AndroidManifest.xml:49:17-76
	android:name
		ADDED from src\main\AndroidManifest.xml:49:27-73
uses-sdk
INJECTED from src\main\AndroidManifest.xml reason: use-sdk injection requested
MERGED from [BlankPhoneWearApp:commons:unspecified] AndroidManifest.xml:7:5-9:41
MERGED from [com.google.android.gms:play-services-wearable:8.4.0] AndroidManifest.xml:18:5-42
MERGED from [com.google.android.gms:play-services-base:8.4.0] AndroidManifest.xml:18:5-42
MERGED from [com.google.android.gms:play-services-basement:8.4.0] AndroidManifest.xml:18:5-42
MERGED from [com.android.support:support-v4:23.0.0] AndroidManifest.xml:20:5-43
	android:targetSdkVersion
		INJECTED from src\main\AndroidManifest.xml
		INJECTED from src\main\AndroidManifest.xml
	android:minSdkVersion
		INJECTED from src\main\AndroidManifest.xml
		INJECTED from src\main\AndroidManifest.xml